<?xml version="1.0" encoding="UTF-8"?>
<!-- Generated by org.testng.reporters.JUnitReportReporter -->
<testsuite hostname="Bapu-PC" failures="0" tests="1" name="OrderPage.OrderPageTestCase.OrderPageTestCase" time="45.906" errors="0" timestamp="2023-04-24T17:15:17 IST" skipped="0">
  <testcase classname="OrderPage.OrderPageTestCase.OrderPageTestCase" name="GoBackToCart" time="45.906"/>
  <system-out/>
</testsuite> <!-- OrderPage.OrderPageTestCase.OrderPageTestCase -->
