<?xml version="1.0" encoding="UTF-8"?>
<!-- Generated by org.testng.reporters.JUnitReportReporter -->
<testsuite hostname="Bapu-PC" failures="0" tests="3" name="Automation.testCasesFolder1.loginPageTestCases" time="64.423" errors="0" timestamp="2023-04-25T12:18:59 IST" skipped="0">
  <testcase classname="Automation.testCasesFolder1.loginPageTestCases" name="loginSuccess" time="25.003"/>
  <system-out/>
  <testcase classname="Automation.testCasesFolder1.loginPageTestCases" name="loginUnsuccess" time="18.232"/>
  <system-out/>
  <testcase classname="Automation.testCasesFolder1.loginPageTestCases" name="loginNew" time="21.188"/>
  <system-out/>
</testsuite> <!-- Automation.testCasesFolder1.loginPageTestCases -->
