<?xml version="1.0" encoding="UTF-8"?>
<!-- Generated by org.testng.reporters.JUnitReportReporter -->
<testsuite hostname="Bapu-PC" failures="0" tests="1" name="TestCaseFolder.TestCases" time="45.510" errors="0" timestamp="2023-04-17T09:16:31 IST" skipped="0">
  <testcase classname="TestCaseFolder.TestCases" name="view" time="45.510"/>
  <system-out/>
</testsuite> <!-- TestCaseFolder.TestCases -->
