<?xml version="1.0" encoding="UTF-8"?>
<!-- Generated by org.testng.reporters.JUnitReportReporter -->
<testsuite hostname="Bapu-PC" failures="0" tests="2" name="Automation.testCasesFolder1.homePageTestCase" time="36.763" errors="0" timestamp="2023-05-19T11:23:08 IST" skipped="0">
  <testcase classname="Automation.testCasesFolder1.homePageTestCase" name="filterByPriceRangeForNoResult" time="19.174"/>
  <system-out/>
  <testcase classname="Automation.testCasesFolder1.homePageTestCase" name="filterForNoResult" time="17.589"/>
  <system-out/>
</testsuite> <!-- Automation.testCasesFolder1.homePageTestCase -->
